This is pdfTeX, Version 3.1415926-1.40.10 (TeX Live 2009/Debian) (format=pdflatex 2013.9.13)  11 APR 2014 13:32
entering extended mode
 %&-line parsing enabled.
**algorithmic_composition.tex
(./algorithmic_composition.tex
LaTeX2e <2009/09/24>
Babel <v3.8l> and hyphenation patterns for english, usenglishmax, dumylang, noh
yphenation, dutch, loaded.
(/usr/share/texmf-texlive/tex/latex/base/article.cls
Document Class: article 2007/10/19 v1.4h Standard LaTeX document class
(/usr/share/texmf-texlive/tex/latex/base/size10.clo
File: size10.clo 2007/10/19 v1.4h Standard LaTeX file (size option)
)
\c@part=\count79
\c@section=\count80
\c@subsection=\count81
\c@subsubsection=\count82
\c@paragraph=\count83
\c@subparagraph=\count84
\c@figure=\count85
\c@table=\count86
\abovecaptionskip=\skip41
\belowcaptionskip=\skip42
\bibindent=\dimen102
)
(./algorithmic_composition.aux)
\openout1 = `algorithmic_composition.aux'.

LaTeX Font Info:    Checking defaults for OML/cmm/m/it on input line 6.
LaTeX Font Info:    ... okay on input line 6.
LaTeX Font Info:    Checking defaults for T1/cmr/m/n on input line 6.
LaTeX Font Info:    ... okay on input line 6.
LaTeX Font Info:    Checking defaults for OT1/cmr/m/n on input line 6.
LaTeX Font Info:    ... okay on input line 6.
LaTeX Font Info:    Checking defaults for OMS/cmsy/m/n on input line 6.
LaTeX Font Info:    ... okay on input line 6.
LaTeX Font Info:    Checking defaults for OMX/cmex/m/n on input line 6.
LaTeX Font Info:    ... okay on input line 6.
LaTeX Font Info:    Checking defaults for U/cmr/m/n on input line 6.
LaTeX Font Info:    ... okay on input line 6.
LaTeX Font Info:    External font `cmex10' loaded for size
(Font)              <12> on input line 8.
LaTeX Font Info:    External font `cmex10' loaded for size
(Font)              <8> on input line 8.
LaTeX Font Info:    External font `cmex10' loaded for size
(Font)              <6> on input line 8.
LaTeX Font Info:    External font `cmex10' loaded for size
(Font)              <7> on input line 31.
LaTeX Font Info:    External font `cmex10' loaded for size
(Font)              <5> on input line 31.
 [1

{/var/lib/texmf/fonts/map/pdftex/updmap/pdftex.map}] [2] (./algorithmic_composi
tion.aux) ) 
Here is how much of TeX's memory you used:
 234 strings out of 495006
 2633 string characters out of 1181410
 50139 words of memory out of 3000000
 3488 multiletter control sequences out of 15000+50000
 7887 words of font info for 28 fonts, out of 3000000 for 9000
 68 hyphenation exceptions out of 8191
 23i,6n,17p,202b,187s stack positions out of 5000i,500n,10000p,200000b,50000s
</usr/share/texmf-texlive/fonts/type1/public/amsfonts/cm/cmbx12.pfb>
</usr/share/texmf-texlive/fonts/type1/public/amsfonts/cm/cmbx9.pfb></usr/share/
texmf-texlive/fonts/type1/public/amsfonts/cm/cmmi10.pfb></usr/share/texmf-texli
ve/fonts/type1/public/amsfonts/cm/cmmi7.pfb></usr/share/texmf-texlive/fonts/typ
e1/public/amsfonts/cm/cmr10.pfb></usr/share/texmf-texlive/fonts/type1/public/am
sfonts/cm/cmr12.pfb></usr/share/texmf-texlive/fonts/type1/public/amsfonts/cm/cm
r17.pfb></usr/share/texmf-texlive/fonts/type1/public/amsfonts/cm/cmr7.pfb></usr
/share/texmf-texlive/fonts/type1/public/amsfonts/cm/cmr9.pfb>
Output written on algorithmic_composition.pdf (2 pages, 101743 bytes).
PDF statistics:
 45 PDF objects out of 1000 (max. 8388607)
 0 named destinations out of 1000 (max. 500000)
 1 words of extra memory for PDF output out of 10000 (max. 10000000)

